<?xml version="1.0" encoding="UTF-8"?>
<testng-results ignored="0" total="2" passed="2" failed="0" skipped="0">
  <reporter-output>
  </reporter-output>
  <suite started-at="2022-02-28T18:21:00 IST" name="Default suite" finished-at="2022-02-28T18:21:19 IST" duration-ms="18680">
    <groups>
    </groups>
    <test started-at="2022-02-28T18:21:00 IST" name="Default test" finished-at="2022-02-28T18:21:19 IST" duration-ms="18680">
      <class name="com.testscenarios.FB_Login">
        <test-method is-config="true" signature="beforeClass(java.lang.String)[pri:0, instance:com.testscenarios.FB_Login@1c7696c6]" started-at="2022-02-28T18:21:00 IST" name="beforeClass" finished-at="2022-02-28T18:21:06 IST" duration-ms="5575" status="PASS">
          <params>
            <param index="0">
              <value>
                <![CDATA[chrome]]>
              </value>
            </param>
          </params>
          <reporter-output>
          </reporter-output>
        </test-method> <!-- beforeClass -->
        <test-method signature="Fb()[pri:0, instance:com.testscenarios.FB_Login@1c7696c6]" started-at="2022-02-28T18:21:06 IST" name="Fb" finished-at="2022-02-28T18:21:14 IST" duration-ms="7580" status="PASS">
          <reporter-output>
          </reporter-output>
        </test-method> <!-- Fb -->
        <test-method is-config="true" signature="TakeScreenshotofEachMethod(org.testng.ITestResult)[pri:0, instance:com.testscenarios.FB_Login@1c7696c6]" started-at="2022-02-28T18:21:14 IST" name="TakeScreenshotofEachMethod" finished-at="2022-02-28T18:21:17 IST" duration-ms="3294" status="PASS">
          <params>
            <param index="0">
              <value>
                <![CDATA[[TestResult name=Fb status=SUCCESS method=FB_Login.Fb()[pri:0, instance:com.testscenarios.FB_Login@1c7696c6] output={null}]]]>
              </value>
            </param>
          </params>
          <reporter-output>
          </reporter-output>
        </test-method> <!-- TakeScreenshotofEachMethod -->
        <test-method signature="ttd()[pri:0, instance:com.testscenarios.FB_Login@1c7696c6]" started-at="2022-02-28T18:21:17 IST" name="ttd" finished-at="2022-02-28T18:21:18 IST" duration-ms="930" status="PASS">
          <reporter-output>
          </reporter-output>
        </test-method> <!-- ttd -->
        <test-method is-config="true" signature="TakeScreenshotofEachMethod(org.testng.ITestResult)[pri:0, instance:com.testscenarios.FB_Login@1c7696c6]" started-at="2022-02-28T18:21:18 IST" name="TakeScreenshotofEachMethod" finished-at="2022-02-28T18:21:18 IST" duration-ms="536" status="PASS">
          <params>
            <param index="0">
              <value>
                <![CDATA[[TestResult name=ttd status=SUCCESS method=FB_Login.ttd()[pri:0, instance:com.testscenarios.FB_Login@1c7696c6] output={null}]]]>
              </value>
            </param>
          </params>
          <reporter-output>
          </reporter-output>
        </test-method> <!-- TakeScreenshotofEachMethod -->
        <test-method is-config="true" signature="afterClass()[pri:0, instance:com.testscenarios.FB_Login@1c7696c6]" started-at="2022-02-28T18:21:18 IST" name="afterClass" finished-at="2022-02-28T18:21:19 IST" duration-ms="731" status="PASS">
          <reporter-output>
          </reporter-output>
        </test-method> <!-- afterClass -->
      </class> <!-- com.testscenarios.FB_Login -->
    </test> <!-- Default test -->
  </suite> <!-- Default suite -->
</testng-results>
